gpxe_davicom: gpxe_legacy gpxe
videotest: font video gfxmenu
odc: archelp
loopback: extcmd
macho:
gpxe_smc9000: gpxe_legacy gpxe
gcry_des: crypto
memrw: extcmd
gpxe_tulip: gpxe_legacy gpxe
gpxe_3c90x: gpxe gpxe_nvs
terminfo: extcmd
f2fs: fshelp
part_gpt:
romfs: fshelp
read:
lsefimmap:
gpxe_i2c_bit: gpxe gpxe_bitbash
aout:
gcry_arcfour: crypto
tftp: net priority_queue
newc: archelp
minix2_be:
gpxe_eepro100: gpxe_legacy gpxe
elf:
videotest_checksum: font functional_test video_fb
password_pbkdf2: crypto gcry_sha512 pbkdf2 normal
gcry_seed: crypto
pcidump: extcmd
bsd: elf serial crypto gcry_md5 extcmd video boot aout cpuid relocator mmap
sfs: fshelp
reiserfs: fshelp
part_sunpc:
gfxmenu: video_colors trig bitmap_scale gfxterm font normal video bitmap
backtrace:
jfs:
help: extcmd normal
configfile: normal
cbls: cbtable
gfxterm_menu: font functional_test procfs normal video_fb
gcry_idea: crypto
tr: extcmd
shift_test: functional_test
ohci: cs5536 usb boot
afs: fshelp
spkmodem: terminfo
search_part_label: gpt
usb_keyboard: usb keylayouts
xzio: crypto
syslinuxcfg: extcmd normal
search_fs_file:
usbms: scsi usb
test_blockarg: extcmd normal
getenv: extcmd
true:
affs: fshelp
iso9660: fshelp
exfat: fshelp
smbios: extcmd
gpxe_rtl8139: gpxe_spi_bit gpxe gpxe_nvs gpxe_threewire
setjmp_test: functional_test setjmp
gpxe_legacy: gpxe
gfxterm: font video
efinet: net
disk:
appleldr: boot
xfs: fshelp
testspeed: extcmd normal
cpio_be: archelp
functional_test: btrfs extcmd video video_fb
gptrepair: gpt
bswap_test: functional_test
sleep: extcmd normal
memdisk:
gcry_rijndael: crypto
mdraid09_be: diskfilter
gettext:
gcry_sha1: crypto
hfspluscomp: gzio hfsplus
cmp:
random: hexdump
offsetio:
file: macho elf extcmd offsetio
usbserial_usbdebug: serial usb usbserial_common
video_colors:
morse:
hashsum: crypto extcmd normal
usb:
halt: acpi
gfxterm_background: video_colors bitmap_scale gfxterm extcmd video bitmap
search_fs_uuid:
gcry_dsa: verify mpi
keystatus: extcmd
linux: video boot relocator mmap
geli: cryptodisk crypto gcry_sha512 pbkdf2 gcry_sha256
cmdline_cat_test: font functional_test procfs normal video_fb
part_sun:
cbtable:
gpxe_spi:
pbkdf2_test: functional_test pbkdf2 gcry_sha1
video_bochs: video video_fb
bufio:
usbserial_ftdi: serial usb usbserial_common
legacy_password_test: functional_test legacycfg
lua: btrfs setjmp normal
cpuid: extcmd
bfs: fshelp
hdparm: extcmd
gpxe_sis900: gpxe_legacy gpxe
gcry_blowfish: crypto
test:
nilfs2: fshelp
search_disk_uuid: gpt
gcry_rsa: verify mpi
cryptodisk: crypto extcmd procfs
nativedisk:
minicmd:
signature_test: functional_test procfs
ata: scsi
udf: fshelp
gzio:
gpxe_3c595: gpxe_legacy gpxe
xnu_uuid: gcry_md5
uhci: usb
pata: ata
mul_test: functional_test
adler32: crypto
terminal:
div:
ehci: cs5536 usb boot
crypto:
part_bsd: part_msdos
cs5536:
gcry_sha512: crypto
password: crypto normal
fshelp:
sleep_test: functional_test datetime
iorw: extcmd
xnu: macho bitmap_scale random extcmd video bitmap boot relocator mmap
mmap:
exfctest: functional_test
gpxe_nvs:
zfsinfo: zfs
ldm: part_gpt diskfilter part_msdos
gpxe_threewire: gpxe
gpxe_natsemi: gpxe_spi_bit gpxe gpxe_nvs gpxe_threewire
eval: normal
part_dvh:
lssal:
ext2: fshelp
blocklist:
net: priority_queue bufio datetime boot
part_acorn:
videoinfo: video
gpxe_dmfe: gpxe_legacy gpxe
btrfs: lzopio gzio
lsmmap: mmap
bitmap:
ntfs: fshelp
multiboot: net video boot relocator mmap
gpxe_ns8390: gpxe_legacy gpxe
gcry_crc: crypto
png: bufio bitmap
jpeg: bufio bitmap
dd: disk
macbless: disk
div_test: functional_test div
regexp: extcmd normal
parttool: normal
usbserial_pl2303: serial usb usbserial_common
cpio: archelp
gpxe_infiniband: gpxe
gcry_rmd160: crypto
fat: fshelp
gpxe_epic100: gpxe_legacy gpxe
ufs1_be:
archelp:
raid6rec: diskfilter
http: net
zfs: gzio
search_part_uuid: gpt
lsefisystab:
gpxe_ns83820: gpxe_legacy gpxe
gpxe_3c5x9: gpxe_legacy gpxe
minix2:
lsacpi: extcmd acpi
datehook: datetime normal
loadenv: disk extcmd
bitmap_scale: bitmap
probe: extcmd
minix3:
gpxe_bitbash:
tar: archelp
loadbios:
hfs: fshelp
procfs: archelp
boot:
keylayouts:
progress: normal
kernel:
usbtest: usb
apple_gmux: extcmd
relocator: mmap
linuxefi: boot
acpi: extcmd mmap
tga: bufio bitmap
reboot:
serial: extcmd terminfo
zfscrypt: crypto pbkdf2 zfs extcmd gcry_sha1 gcry_rijndael
gpxe_3c529: gpxe_3c5x9 gpxe_legacy
efi_uga: video video_fb
dm_nv: diskfilter
cmp_test: functional_test
luks: cryptodisk crypto pbkdf2
gpxe_ne2k_isa: gpxe_legacy gpxe
gpt: gcry_crc crypto disk
font: bufio video
raid5rec: diskfilter
gpxe_w89c840: gpxe_legacy gpxe
crc64: crypto
datetime:
efifwsetup: reboot
ctz_test: functional_test
video:
crc: btrfs
cbmemc: normal cbtable terminfo
hfsplus: fshelp
gcry_cast5: crypto
fwconfig: extcmd
extcmd:
squash4: fshelp lzopio xzio gzio
part_plan:
minix_be:
gpxe_pnic: gpxe
gcry_whirlpool: crypto
gpxe_eepro: gpxe_legacy gpxe
gcry_tiger: crypto
fixvideo:
search: search_fs_uuid search_fs_file search_part_uuid extcmd search_disk_uuid search_part_label search_label
lspci: extcmd
cbtime: cbtable
video_fb:
verify: crypto extcmd mpi gcry_sha1
minix3_be:
trig:
android: video boot relocator mmap
msdospart: disk parttool
priority_queue:
gcry_twofish: crypto
part_dfly:
fbinst:
xnu_uuid_test: functional_test
gpxe_ipoib: gpxe_infiniband gpxe
diskfilter:
testload:
part_apple:
hexdump: extcmd
date: datetime normal
pbkdf2: crypto
gcry_sha256: crypto
raiddump: disk
ls: extcmd normal
usbserial_common: serial usb
ntfscomp: ntfs
lzopio: crypto
video_cirrus: video video_fb
hello: extcmd
scsi:
cat: extcmd
ahci: ata boot
normal: terminal crypto extcmd boot gettext
linux16: video boot relocator mmap
ufs1:
mdraid09: diskfilter
lvm: diskfilter
chain: net efinet boot
cbfs: archelp
ufs2:
time:
setpci: extcmd
gptsync: disk
search_label:
setjmp:
multiboot2: net video boot relocator mmap acpi
gcry_rfc2268: crypto
mdraid1x: diskfilter
mpi: crypto
legacycfg: password crypto gcry_md5 normal
gpxe_spi_bit: gpxe_bitbash
play:
part_amiga:
efi_gop: video video_fb
minix:
echo: extcmd
lsefi:
gcry_serpent: crypto
gcry_md4: crypto
gcry_md5: crypto
part_msdos:
gpxe: gpxe_nvs
gcry_camellia: crypto
at_keyboard: keylayouts boot
all_video: efi_gop efi_uga video_bochs video_cirrus
